2025-08-19 16:27:04,494 - INFO - Successfully connected to MongoDB.
2025-08-19 16:29:19,582 - INFO - Successfully connected to MongoDB.
2025-08-19 16:32:29,849 - INFO - Successfully connected to MongoDB.
2025-08-19 16:36:00,054 - INFO - Successfully connected to MongoDB.
2025-08-19 16:39:57,760 - INFO - Successfully connected to MongoDB.
2025-08-19 16:42:44,048 - INFO - Successfully connected to MongoDB.
2025-08-19 16:44:20,206 - WARNING - Sound file not found: C:\hospital_expo_\PyCharmMiscProject\alarm_sounds\call_family.mp3
2025-08-19 16:46:40,836 - INFO - Successfully connected to MongoDB.
2025-08-19 16:47:15,253 - WARNING - Sound file not found: C:\hospital_expo_\PyCharmMiscProject\alarm_sounds\fall_alert.mp3
2025-08-19 16:47:17,569 - WARNING - Sound file not found: C:\hospital_expo_\PyCharmMiscProject\alarm_sounds\fall_alert.mp3
2025-08-19 16:47:17,861 - WARNING - Sound file not found: C:\hospital_expo_\PyCharmMiscProject\alarm_sounds\fall_alert.mp3
2025-08-19 16:47:19,984 - WARNING - Sound file not found: C:\hospital_expo_\PyCharmMiscProject\alarm_sounds\fall_alert.mp3
2025-08-19 16:47:21,219 - WARNING - Sound file not found: C:\hospital_expo_\PyCharmMiscProject\alarm_sounds\fall_alert.mp3
2025-08-19 16:47:22,508 - WARNING - Sound file not found: C:\hospital_expo_\PyCharmMiscProject\alarm_sounds\fall_alert.mp3
2025-08-19 16:47:23,130 - WARNING - Sound file not found: C:\hospital_expo_\PyCharmMiscProject\alarm_sounds\fall_alert.mp3
2025-08-19 16:47:23,470 - WARNING - Sound file not found: C:\hospital_expo_\PyCharmMiscProject\alarm_sounds\fall_alert.mp3
2025-08-19 16:47:23,817 - WARNING - Sound file not found: C:\hospital_expo_\PyCharmMiscProject\alarm_sounds\fall_alert.mp3
2025-08-19 16:47:24,964 - WARNING - Sound file not found: C:\hospital_expo_\PyCharmMiscProject\alarm_sounds\fall_alert.mp3
2025-08-19 16:47:25,319 - WARNING - Sound file not found: C:\hospital_expo_\PyCharmMiscProject\alarm_sounds\fall_alert.mp3
2025-08-19 16:47:26,203 - WARNING - Sound file not found: C:\hospital_expo_\PyCharmMiscProject\alarm_sounds\fall_alert.mp3
2025-08-19 16:47:26,879 - WARNING - Sound file not found: C:\hospital_expo_\PyCharmMiscProject\alarm_sounds\fall_alert.mp3
2025-08-19 16:47:33,769 - WARNING - Sound file not found: C:\hospital_expo_\PyCharmMiscProject\alarm_sounds\fall_alert.mp3
2025-08-19 16:47:34,910 - WARNING - Sound file not found: C:\hospital_expo_\PyCharmMiscProject\alarm_sounds\fall_alert.mp3
2025-08-19 16:47:35,370 - WARNING - Sound file not found: C:\hospital_expo_\PyCharmMiscProject\alarm_sounds\fall_alert.mp3
2025-08-19 16:47:36,306 - WARNING - Sound file not found: C:\hospital_expo_\PyCharmMiscProject\alarm_sounds\fall_alert.mp3
2025-08-19 16:47:36,650 - WARNING - Sound file not found: C:\hospital_expo_\PyCharmMiscProject\alarm_sounds\fall_alert.mp3
2025-08-19 16:47:37,045 - WARNING - Sound file not found: C:\hospital_expo_\PyCharmMiscProject\alarm_sounds\fall_alert.mp3
2025-08-19 16:47:37,608 - WARNING - Sound file not found: C:\hospital_expo_\PyCharmMiscProject\alarm_sounds\fall_alert.mp3
2025-08-19 16:53:00,096 - INFO - Successfully connected to MongoDB.
2025-08-19 16:54:08,436 - INFO - Successfully connected to MongoDB.
2025-08-19 21:19:44,581 - INFO - Successfully connected to MongoDB.
2025-08-19 21:22:35,501 - WARNING - Sound file not found: C:\hospital_expo_\PyCharmMiscProject\alarm_sounds\call_nurse.mp3
2025-08-19 21:23:03,326 - WARNING - Sound file not found: C:\hospital_expo_\PyCharmMiscProject\alarm_sounds\need_water.mp3
2025-08-19 21:23:46,311 - WARNING - Sound file not found: C:\hospital_expo_\PyCharmMiscProject\alarm_sounds\need_water.mp3
2025-08-19 21:25:59,294 - INFO - Successfully connected to MongoDB.
2025-08-19 21:28:01,164 - INFO - Successfully connected to MongoDB.
2025-08-19 21:30:48,314 - INFO - Successfully connected to MongoDB.
2025-08-19 21:34:22,030 - INFO - Successfully connected to MongoDB.
2025-08-19 21:42:48,209 - INFO - Successfully connected to MongoDB.
2025-08-19 21:43:57,993 - WARNING - Sound file not found: C:\hospital_expo_\PyCharmMiscProject\alarm_sounds\fall_alert.mp3
2025-08-19 21:45:56,663 - INFO - Successfully connected to MongoDB.
2025-08-19 21:52:35,893 - INFO - Successfully connected to MongoDB.
2025-08-19 21:53:48,387 - INFO - Successfully connected to MongoDB.
2025-08-19 21:59:21,806 - INFO - Successfully connected to MongoDB.
2025-08-19 22:05:09,768 - INFO - Successfully connected to MongoDB.
2025-08-19 22:09:27,672 - INFO - Successfully connected to MongoDB.
2025-08-19 22:10:17,128 - WARNING - Sound file not found: C:\hospital_expo_\PyCharmMiscProject\alarm_sounds\fall_alert.mp3
2025-08-19 22:10:35,877 - WARNING - Sound file not found: C:\hospital_expo_\PyCharmMiscProject\alarm_sounds\fall_alert.mp3
2025-08-19 22:13:04,805 - INFO - Successfully connected to MongoDB.
2025-08-19 22:13:52,074 - WARNING - Sound file not found: C:\hospital_expo_\PyCharmMiscProject\alarm_sounds\fall_alert.mp3
2025-08-19 22:13:59,008 - WARNING - Sound file not found: C:\hospital_expo_\PyCharmMiscProject\alarm_sounds\fall_alert.mp3
2025-08-19 22:14:12,353 - WARNING - Sound file not found: C:\hospital_expo_\PyCharmMiscProject\alarm_sounds\fall_alert.mp3
2025-08-19 22:14:53,674 - WARNING - Sound file not found: C:\hospital_expo_\PyCharmMiscProject\alarm_sounds\fall_alert.mp3
2025-08-19 22:15:43,534 - WARNING - Sound file not found: C:\hospital_expo_\PyCharmMiscProject\alarm_sounds\fall_alert.mp3
2025-08-19 22:17:15,618 - WARNING - Sound file not found: C:\hospital_expo_\PyCharmMiscProject\alarm_sounds\need_water.mp3
2025-08-19 22:17:34,091 - WARNING - Sound file not found: C:\hospital_expo_\PyCharmMiscProject\alarm_sounds\call_family.mp3
2025-08-19 22:17:38,225 - WARNING - Sound file not found: C:\hospital_expo_\PyCharmMiscProject\alarm_sounds\call_nurse.mp3
2025-08-19 22:18:00,816 - WARNING - Sound file not found: C:\hospital_expo_\PyCharmMiscProject\alarm_sounds\call_nurse.mp3
2025-08-19 22:18:26,663 - WARNING - Sound file not found: C:\hospital_expo_\PyCharmMiscProject\alarm_sounds\need_water.mp3
2025-08-19 22:20:33,707 - INFO - Successfully connected to MongoDB.
2025-08-19 23:07:04,837 - INFO - Successfully connected to MongoDB.
2025-08-19 23:07:54,595 - WARNING - Sound file not found: C:\hospital_expo_\PyCharmMiscProject\alarm_sounds\fall_alert.mp3
2025-08-19 23:08:29,366 - WARNING - Sound file not found: C:\hospital_expo_\PyCharmMiscProject\alarm_sounds\fall_alert.mp3
2025-08-19 23:09:04,986 - WARNING - Sound file not found: C:\hospital_expo_\PyCharmMiscProject\alarm_sounds\call_family.mp3
2025-08-19 23:09:30,034 - WARNING - Sound file not found: C:\hospital_expo_\PyCharmMiscProject\alarm_sounds\need_water.mp3
2025-08-19 23:09:32,876 - WARNING - Sound file not found: C:\hospital_expo_\PyCharmMiscProject\alarm_sounds\need_water.mp3
2025-08-19 23:15:41,328 - INFO - Successfully connected to MongoDB.
2025-08-19 23:21:57,812 - INFO - Successfully connected to MongoDB.
2025-08-19 23:25:04,302 - INFO - Successfully connected to MongoDB.
2025-08-19 23:26:57,283 - WARNING - Sound file not found: C:\hospital_expo_\PyCharmMiscProject\alarm_sounds\fall_alert.mp3
2025-08-19 23:28:24,739 - INFO - Successfully connected to MongoDB.
2025-08-19 23:29:39,825 - INFO - Successfully connected to MongoDB.
2025-08-19 23:31:51,344 - INFO - Successfully connected to MongoDB.
2025-08-19 23:33:02,107 - INFO - Successfully connected to MongoDB.
2025-08-19 23:36:45,893 - INFO - Successfully connected to MongoDB.
2025-08-19 23:48:37,717 - INFO - Successfully connected to MongoDB.
2025-08-19 23:54:34,771 - INFO - Successfully connected to MongoDB.
2025-08-20 00:01:29,159 - INFO - Successfully connected to MongoDB.
2025-08-20 00:02:53,801 - INFO - Successfully connected to MongoDB.
2025-08-20 00:04:02,205 - INFO - Successfully connected to MongoDB.
2025-08-20 00:09:05,359 - INFO - Successfully connected to MongoDB.
2025-08-20 00:13:20,919 - INFO - Successfully connected to MongoDB.
2025-08-20 00:16:44,285 - INFO - Successfully connected to MongoDB.
2025-08-20 00:18:53,980 - INFO - Successfully connected to MongoDB.
2025-08-20 10:03:22,623 - INFO - Successfully connected to MongoDB.
2025-08-20 10:09:05,653 - INFO - Successfully connected to MongoDB.
2025-08-20 10:10:03,022 - INFO - Successfully connected to MongoDB.
2025-08-20 10:11:04,595 - WARNING - Sound file not found: C:\hospital_expo_\PyCharmMiscProject\alarm_sounds\knife_alert.mp3
2025-08-20 10:11:30,634 - WARNING - Sound file not found: C:\hospital_expo_\PyCharmMiscProject\alarm_sounds\knife_alert.mp3
2025-08-20 10:11:46,651 - WARNING - Sound file not found: C:\hospital_expo_\PyCharmMiscProject\alarm_sounds\knife_alert.mp3
2025-08-20 10:11:54,871 - WARNING - Sound file not found: C:\hospital_expo_\PyCharmMiscProject\alarm_sounds\knife_alert.mp3
2025-08-20 10:12:21,009 - WARNING - Sound file not found: C:\hospital_expo_\PyCharmMiscProject\alarm_sounds\knife_alert.mp3
2025-08-20 10:12:27,427 - WARNING - Sound file not found: C:\hospital_expo_\PyCharmMiscProject\alarm_sounds\knife_alert.mp3
2025-08-20 10:16:26,600 - WARNING - Sound file not found: C:\hospital_expo_\PyCharmMiscProject\alarm_sounds\knife_alert.mp3
2025-08-20 10:16:43,001 - WARNING - Sound file not found: C:\hospital_expo_\PyCharmMiscProject\alarm_sounds\knife_alert.mp3
2025-08-20 10:21:35,485 - INFO - Successfully connected to MongoDB.
2025-08-20 10:24:11,092 - INFO - Successfully connected to MongoDB.
2025-08-20 10:28:33,158 - INFO - Successfully connected to MongoDB.
2025-08-20 10:30:48,416 - WARNING - Sound file not found: C:\hospital_expo_\PyCharmMiscProject\alarm_sounds\fall_alert.mp3
2025-08-20 10:32:42,631 - INFO - Successfully connected to MongoDB.
2025-08-20 10:33:00,283 - WARNING - Sound file not found: C:\hospital_expo_\PyCharmMiscProject\alarm_sounds\need_water.mp3
2025-08-20 10:33:52,056 - WARNING - Sound file not found: C:\hospital_expo_\PyCharmMiscProject\alarm_sounds\call_nurse.mp3
2025-08-20 10:34:15,206 - WARNING - Sound file not found: C:\hospital_expo_\PyCharmMiscProject\alarm_sounds\need_water.mp3
2025-08-20 10:36:05,580 - INFO - Successfully connected to MongoDB.
2025-08-20 10:39:00,718 - WARNING - Sound file not found: C:\hospital_expo_\PyCharmMiscProject\alarm_sounds\knife_alert.mp3
2025-08-20 10:41:49,566 - INFO - Successfully connected to MongoDB.
2025-08-20 10:45:58,806 - INFO - Successfully connected to MongoDB.
2025-08-20 10:48:02,036 - INFO - Successfully connected to MongoDB.
2025-08-20 10:48:10,601 - INFO - Successfully connected to MongoDB.
2025-08-20 10:55:20,267 - INFO - Successfully connected to MongoDB.
2025-08-20 10:56:29,648 - INFO - Successfully connected to MongoDB.
2025-08-20 10:57:53,364 - INFO - Successfully connected to MongoDB.
2025-08-20 10:58:42,693 - INFO - Successfully connected to MongoDB.
2025-08-20 11:00:51,207 - INFO - Successfully connected to MongoDB.
2025-08-20 11:01:42,664 - INFO - Successfully connected to MongoDB.
2025-08-20 11:06:13,409 - INFO - Successfully connected to MongoDB.
2025-08-20 11:06:36,662 - WARNING - Sound file not found: C:\hospital_expo_\PyCharmMiscProject\alarm_sounds\cough_alert.mp3
2025-08-20 11:07:14,956 - WARNING - Sound file not found: C:\hospital_expo_\PyCharmMiscProject\alarm_sounds\fall_alert.mp3
2025-08-20 11:07:50,298 - WARNING - Sound file not found: C:\hospital_expo_\PyCharmMiscProject\alarm_sounds\fall_alert.mp3
2025-08-20 11:08:13,218 - WARNING - Sound file not found: C:\hospital_expo_\PyCharmMiscProject\alarm_sounds\need_water.mp3
2025-08-20 11:14:25,402 - INFO - Successfully connected to MongoDB.
2025-08-20 11:14:52,690 - WARNING - Sound file not found: C:\hospital_expo_\PyCharmMiscProject\alarm_sounds\cough_alert.mp3
2025-08-20 11:15:25,421 - WARNING - Sound file not found: C:\hospital_expo_\PyCharmMiscProject\alarm_sounds\knife_alert.mp3
2025-08-20 11:16:40,979 - WARNING - Sound file not found: C:\hospital_expo_\PyCharmMiscProject\alarm_sounds\fall_alert.mp3
2025-08-20 11:16:53,495 - WARNING - Sound file not found: C:\hospital_expo_\PyCharmMiscProject\alarm_sounds\fall_alert.mp3
2025-08-20 11:17:33,699 - INFO - Successfully connected to MongoDB.
2025-08-20 11:18:16,008 - WARNING - Sound file not found: C:\hospital_expo_\PyCharmMiscProject\alarm_sounds\fall_alert.mp3
2025-08-20 11:21:11,206 - WARNING - Sound file not found: C:\hospital_expo_\PyCharmMiscProject\alarm_sounds\knife_alert.mp3
2025-08-20 12:35:13,301 - INFO - Successfully connected to MongoDB.
2025-08-20 12:37:12,432 - INFO - Successfully connected to MongoDB.
2025-08-20 12:38:02,310 - INFO - Successfully connected to MongoDB.
2025-08-20 12:38:42,960 - WARNING - Sound file not found: C:\hospital_expo_\PyCharmMiscProject\alarm_sounds\cough_alert.mp3
2025-08-20 12:39:53,947 - INFO - Successfully connected to MongoDB.
2025-08-20 12:40:56,203 - INFO - Successfully connected to MongoDB.
2025-08-20 12:42:02,979 - WARNING - Sound file not found: C:\hospital_expo_\PyCharmMiscProject\alarm_sounds\cough_alert.mp3
2025-08-20 12:44:44,960 - INFO - Successfully connected to MongoDB.
2025-08-20 12:45:49,280 - INFO - Successfully connected to MongoDB.
2025-08-20 12:47:30,158 - INFO - Successfully connected to MongoDB.
2025-08-20 12:48:41,180 - INFO - Successfully connected to MongoDB.
2025-08-20 12:51:28,642 - INFO - Successfully connected to MongoDB.
2025-08-20 12:52:20,224 - INFO - Successfully connected to MongoDB.
2025-08-20 12:53:03,054 - WARNING - Sound file not found: C:\hospital_expo_\PyCharmMiscProject\alarm_sounds\cough_alert.mp3
2025-08-20 12:55:11,351 - INFO - Successfully connected to MongoDB.
2025-08-20 12:59:34,195 - INFO - Successfully connected to MongoDB.
2025-08-20 13:00:46,929 - INFO - Successfully connected to MongoDB.
2025-08-20 16:12:50,421 - INFO - Successfully connected to MongoDB.
2025-08-20 16:14:07,673 - WARNING - Sound file not found: C:\hospital_expo_\PyCharmMiscProject\alarm_sounds\cough_alert.mp3
2025-08-20 16:14:33,732 - WARNING - Sound file not found: C:\hospital_expo_\PyCharmMiscProject\alarm_sounds\fall_alert.mp3
2025-08-20 16:16:35,524 - WARNING - Sound file not found: C:\hospital_expo_\PyCharmMiscProject\alarm_sounds\knife_alert.mp3
2025-08-20 16:17:37,912 - WARNING - Sound file not found: C:\hospital_expo_\PyCharmMiscProject\alarm_sounds\fall_alert.mp3
2025-08-20 16:18:31,661 - WARNING - Sound file not found: C:\hospital_expo_\PyCharmMiscProject\alarm_sounds\cough_alert.mp3
2025-08-20 16:19:18,449 - WARNING - Sound file not found: C:\hospital_expo_\PyCharmMiscProject\alarm_sounds\cough_alert.mp3
2025-08-20 16:19:58,824 - WARNING - Sound file not found: C:\hospital_expo_\PyCharmMiscProject\alarm_sounds\knife_alert.mp3
2025-08-20 16:23:09,489 - INFO - Successfully connected to MongoDB.
2025-08-20 16:24:13,339 - INFO - Successfully connected to MongoDB.
2025-08-20 16:25:06,157 - INFO - Successfully connected to MongoDB.
2025-08-20 16:26:42,162 - INFO - Successfully connected to MongoDB.
2025-08-20 16:27:50,946 - INFO - Successfully connected to MongoDB.
2025-08-20 16:28:11,679 - WARNING - Sound file not found: C:\hospital_expo_\PyCharmMiscProject\alarm_sounds\knife_alert.mp3
2025-08-20 17:46:48,913 - INFO - Successfully connected to MongoDB.
2025-08-20 17:47:45,712 - WARNING - Sound file not found: C:\hospital_expo_\PyCharmMiscProject\alarm_sounds\knife_alert.mp3
2025-08-20 17:47:51,166 - WARNING - Sound file not found: C:\hospital_expo_\PyCharmMiscProject\alarm_sounds\knife_alert.mp3
2025-08-20 17:48:12,487 - WARNING - Sound file not found: C:\hospital_expo_\PyCharmMiscProject\alarm_sounds\knife_alert.mp3
2025-08-20 17:50:03,913 - WARNING - Sound file not found: C:\hospital_expo_\PyCharmMiscProject\alarm_sounds\knife_alert.mp3
2025-08-20 17:52:22,531 - INFO - Successfully connected to MongoDB.
2025-08-20 17:52:38,795 - WARNING - Sound file not found: C:\hospital_expo_\PyCharmMiscProject\alarm_sounds\knife_alert.mp3
2025-08-20 17:54:57,624 - INFO - Successfully connected to MongoDB.
2025-08-20 17:56:06,132 - WARNING - Sound file not found: C:\hospital_expo_\PyCharmMiscProject\alarm_sounds\knife_alert.mp3
2025-08-20 17:56:42,180 - WARNING - Sound file not found: C:\hospital_expo_\PyCharmMiscProject\alarm_sounds\knife_alert.mp3
2025-08-20 17:56:46,170 - WARNING - Sound file not found: C:\hospital_expo_\PyCharmMiscProject\alarm_sounds\knife_alert.mp3
2025-08-20 17:56:49,932 - WARNING - Sound file not found: C:\hospital_expo_\PyCharmMiscProject\alarm_sounds\knife_alert.mp3
2025-08-20 17:57:10,544 - WARNING - Sound file not found: C:\hospital_expo_\PyCharmMiscProject\alarm_sounds\knife_alert.mp3
2025-08-20 17:57:21,522 - WARNING - Sound file not found: C:\hospital_expo_\PyCharmMiscProject\alarm_sounds\knife_alert.mp3
2025-08-20 17:57:35,217 - WARNING - Sound file not found: C:\hospital_expo_\PyCharmMiscProject\alarm_sounds\knife_alert.mp3
2025-08-20 17:57:38,550 - WARNING - Sound file not found: C:\hospital_expo_\PyCharmMiscProject\alarm_sounds\knife_alert.mp3
2025-08-20 17:57:41,383 - WARNING - Sound file not found: C:\hospital_expo_\PyCharmMiscProject\alarm_sounds\knife_alert.mp3
2025-08-20 17:57:42,938 - WARNING - Sound file not found: C:\hospital_expo_\PyCharmMiscProject\alarm_sounds\knife_alert.mp3
2025-08-20 17:59:53,907 - INFO - Successfully connected to MongoDB.
2025-08-20 18:00:10,391 - WARNING - Sound file not found: C:\hospital_expo_\PyCharmMiscProject\alarm_sounds\knife_alert.mp3
2025-08-20 18:00:18,943 - WARNING - Sound file not found: C:\hospital_expo_\PyCharmMiscProject\alarm_sounds\knife_alert.mp3
2025-08-20 18:00:37,322 - WARNING - Sound file not found: C:\hospital_expo_\PyCharmMiscProject\alarm_sounds\knife_alert.mp3
2025-08-20 18:00:41,632 - WARNING - Sound file not found: C:\hospital_expo_\PyCharmMiscProject\alarm_sounds\knife_alert.mp3
2025-08-20 18:00:52,671 - WARNING - Sound file not found: C:\hospital_expo_\PyCharmMiscProject\alarm_sounds\knife_alert.mp3
2025-08-20 21:35:15,898 - INFO - Successfully connected to MongoDB.
2025-08-20 21:36:44,106 - INFO - Successfully connected to MongoDB.
2025-08-20 21:37:38,982 - WARNING - Sound file not found: C:\hospital_expo_\PyCharmMiscProject\alarm_sounds\need_water.mp3
2025-08-20 21:37:41,490 - WARNING - Sound file not found: C:\hospital_expo_\PyCharmMiscProject\alarm_sounds\need_water.mp3
2025-08-20 21:40:12,170 - INFO - Successfully connected to MongoDB.
2025-08-20 21:40:52,231 - WARNING - Sound file not found: C:\hospital_expo_\PyCharmMiscProject\alarm_sounds\knife_alert.mp3
2025-08-20 21:41:26,056 - WARNING - Sound file not found: C:\hospital_expo_\PyCharmMiscProject\alarm_sounds\knife_alert.mp3
2025-08-20 21:43:22,372 - WARNING - Sound file not found: C:\hospital_expo_\PyCharmMiscProject\alarm_sounds\fall_alert.mp3
2025-08-20 21:43:51,434 - WARNING - Sound file not found: C:\hospital_expo_\PyCharmMiscProject\alarm_sounds\need_water.mp3
2025-08-20 21:44:41,949 - INFO - Successfully connected to MongoDB.
2025-08-20 21:45:33,537 - WARNING - Sound file not found: C:\hospital_expo_\PyCharmMiscProject\alarm_sounds\knife_alert.mp3
2025-08-20 21:45:39,079 - WARNING - Sound file not found: C:\hospital_expo_\PyCharmMiscProject\alarm_sounds\knife_alert.mp3
2025-08-20 21:46:07,875 - WARNING - Sound file not found: C:\hospital_expo_\PyCharmMiscProject\alarm_sounds\knife_alert.mp3
2025-08-20 21:46:26,273 - WARNING - Sound file not found: C:\hospital_expo_\PyCharmMiscProject\alarm_sounds\knife_alert.mp3
2025-08-20 21:47:07,134 - WARNING - Sound file not found: C:\hospital_expo_\PyCharmMiscProject\alarm_sounds\knife_alert.mp3
2025-08-20 21:47:11,485 - WARNING - Sound file not found: C:\hospital_expo_\PyCharmMiscProject\alarm_sounds\knife_alert.mp3
2025-08-20 21:48:41,463 - INFO - Successfully connected to MongoDB.
2025-08-20 21:49:15,559 - INFO - Successfully connected to MongoDB.
2025-08-20 21:49:40,983 - WARNING - Sound file not found: C:\hospital_expo_\PyCharmMiscProject\alarm_sounds\knife_alert.mp3
2025-08-20 21:50:12,812 - WARNING - Sound file not found: C:\hospital_expo_\PyCharmMiscProject\alarm_sounds\knife_alert.mp3
2025-08-20 21:50:14,074 - WARNING - Sound file not found: C:\hospital_expo_\PyCharmMiscProject\alarm_sounds\knife_alert.mp3
2025-08-20 21:50:15,194 - WARNING - Sound file not found: C:\hospital_expo_\PyCharmMiscProject\alarm_sounds\knife_alert.mp3
2025-08-20 21:51:43,972 - INFO - Successfully connected to MongoDB.
2025-08-20 21:53:05,819 - INFO - Successfully connected to MongoDB.
2025-08-20 21:53:49,677 - WARNING - Sound file not found: C:\hospital_expo_\PyCharmMiscProject\alarm_sounds\knife_alert.mp3
2025-08-20 21:53:51,389 - WARNING - Sound file not found: C:\hospital_expo_\PyCharmMiscProject\alarm_sounds\knife_alert.mp3
2025-08-20 21:54:09,672 - WARNING - Sound file not found: C:\hospital_expo_\PyCharmMiscProject\alarm_sounds\knife_alert.mp3
2025-08-20 21:54:10,208 - WARNING - Sound file not found: C:\hospital_expo_\PyCharmMiscProject\alarm_sounds\knife_alert.mp3
2025-08-20 21:54:28,926 - WARNING - Sound file not found: C:\hospital_expo_\PyCharmMiscProject\alarm_sounds\knife_alert.mp3
2025-08-20 21:55:01,149 - WARNING - Sound file not found: C:\hospital_expo_\PyCharmMiscProject\alarm_sounds\knife_alert.mp3
2025-08-20 22:55:56,884 - INFO - Successfully connected to MongoDB.
2025-08-20 22:56:39,680 - WARNING - Sound file not found: C:\hospital_expo_\PyCharmMiscProject\alarm_sounds\knife_alert.mp3
2025-08-20 22:56:46,802 - WARNING - Sound file not found: C:\hospital_expo_\PyCharmMiscProject\alarm_sounds\knife_alert.mp3
2025-08-20 22:57:06,296 - WARNING - Sound file not found: C:\hospital_expo_\PyCharmMiscProject\alarm_sounds\knife_alert.mp3
2025-08-20 22:57:07,195 - WARNING - Sound file not found: C:\hospital_expo_\PyCharmMiscProject\alarm_sounds\knife_alert.mp3
2025-08-20 22:57:18,977 - WARNING - Sound file not found: C:\hospital_expo_\PyCharmMiscProject\alarm_sounds\knife_alert.mp3
2025-08-20 23:26:29,045 - INFO - Successfully connected to MongoDB.
2025-08-20 23:27:35,840 - WARNING - Sound file not found: C:\hospital_expo_\PyCharmMiscProject\alarm_sounds\need_water.mp3
2025-08-20 23:28:02,833 - WARNING - Sound file not found: C:\hospital_expo_\PyCharmMiscProject\alarm_sounds\fall_alert.mp3
2025-08-20 23:28:52,661 - WARNING - Sound file not found: C:\hospital_expo_\PyCharmMiscProject\alarm_sounds\cough_alert.mp3
2025-08-20 23:29:29,723 - WARNING - Sound file not found: C:\hospital_expo_\PyCharmMiscProject\alarm_sounds\fall_alert.mp3
2025-08-20 23:30:37,435 - WARNING - Sound file not found: C:\hospital_expo_\PyCharmMiscProject\alarm_sounds\fall_alert.mp3
2025-08-20 23:33:28,928 - INFO - Successfully connected to MongoDB.
2025-08-21 08:07:44,182 - INFO - Successfully connected to MongoDB.
2025-08-21 08:10:10,722 - WARNING - Sound file not found: C:\hospital_expo_\PyCharmMiscProject\alarm_sounds\fall_alert.mp3
2025-08-21 08:10:48,847 - WARNING - Sound file not found: C:\hospital_expo_\PyCharmMiscProject\alarm_sounds\fall_alert.mp3
2025-08-21 08:11:20,304 - WARNING - Sound file not found: C:\hospital_expo_\PyCharmMiscProject\alarm_sounds\need_water.mp3
2025-08-21 08:13:55,334 - WARNING - Sound file not found: C:\hospital_expo_\PyCharmMiscProject\alarm_sounds\knife_alert.mp3
2025-08-21 08:13:58,036 - WARNING - Sound file not found: C:\hospital_expo_\PyCharmMiscProject\alarm_sounds\knife_alert.mp3
2025-08-21 08:13:58,906 - WARNING - Sound file not found: C:\hospital_expo_\PyCharmMiscProject\alarm_sounds\knife_alert.mp3
2025-08-21 08:14:01,173 - WARNING - Sound file not found: C:\hospital_expo_\PyCharmMiscProject\alarm_sounds\knife_alert.mp3
2025-08-21 08:14:01,855 - WARNING - Sound file not found: C:\hospital_expo_\PyCharmMiscProject\alarm_sounds\knife_alert.mp3
2025-08-21 08:14:02,438 - WARNING - Sound file not found: C:\hospital_expo_\PyCharmMiscProject\alarm_sounds\knife_alert.mp3
2025-08-21 08:14:36,846 - WARNING - Sound file not found: C:\hospital_expo_\PyCharmMiscProject\alarm_sounds\call_nurse.mp3
2025-08-21 09:57:20,671 - INFO - Successfully connected to MongoDB.
2025-08-21 09:58:38,698 - WARNING - Sound file not found: C:\hospital_expo_\PyCharmMiscProject\alarm_sounds\cough_alert.mp3
2025-08-21 10:01:28,601 - INFO - Successfully connected to MongoDB.
2025-08-21 10:02:40,918 - WARNING - Sound file not found: C:\hospital_expo_\PyCharmMiscProject\alarm_sounds\call_nurse.mp3
2025-08-21 10:03:07,880 - WARNING - Sound file not found: C:\hospital_expo_\PyCharmMiscProject\alarm_sounds\need_water.mp3
2025-08-21 10:03:48,116 - WARNING - Sound file not found: C:\hospital_expo_\PyCharmMiscProject\alarm_sounds\need_water.mp3
2025-08-21 10:04:28,841 - WARNING - Sound file not found: C:\hospital_expo_\PyCharmMiscProject\alarm_sounds\fall_alert.mp3
2025-08-21 10:05:00,975 - WARNING - Sound file not found: C:\hospital_expo_\PyCharmMiscProject\alarm_sounds\fall_alert.mp3
2025-08-21 10:06:02,566 - WARNING - Sound file not found: C:\hospital_expo_\PyCharmMiscProject\alarm_sounds\knife_alert.mp3
2025-08-21 10:10:00,155 - INFO - Successfully connected to MongoDB.
2025-08-21 19:41:15,859 - INFO - Successfully connected to MongoDB.
2025-08-21 19:47:11,840 - INFO - Successfully connected to MongoDB.
2025-08-21 19:48:00,553 - INFO - Successfully connected to MongoDB.
2025-08-21 19:49:28,333 - INFO - Successfully connected to MongoDB.
2025-08-21 19:50:40,906 - ERROR - Error on request:
Traceback (most recent call last):
  File "C:\Users\sadik\AppData\Local\Programs\Python\Python39\lib\site-packages\werkzeug\serving.py", line 370, in run_wsgi
    execute(self.server.app)
  File "C:\Users\sadik\AppData\Local\Programs\Python\Python39\lib\site-packages\werkzeug\serving.py", line 333, in execute
    for data in application_iter:
  File "C:\Users\sadik\AppData\Local\Programs\Python\Python39\lib\site-packages\werkzeug\wsgi.py", line 256, in __next__
    return self._next()
  File "C:\Users\sadik\AppData\Local\Programs\Python\Python39\lib\site-packages\werkzeug\wrappers\response.py", line 32, in _iter_encoded
    for item in iterable:
  File "C:\hospital_expo_\PyCharmMiscProject\app.py", line 56, in generate_frames
    processed_frame = monitor.process_frame(frame)
AttributeError: 'PatientMonitor' object has no attribute 'process_frame'
2025-08-21 19:52:46,256 - INFO - Successfully connected to MongoDB.
2025-08-21 20:34:58,156 - INFO - Successfully connected to MongoDB.
2025-08-21 20:37:03,463 - INFO - Successfully connected to MongoDB.
2025-08-21 20:38:20,590 - INFO - Successfully connected to MongoDB.
2025-08-21 20:38:36,304 - ERROR - Error on request:
Traceback (most recent call last):
  File "C:\Users\sadik\AppData\Local\Programs\Python\Python39\lib\site-packages\werkzeug\serving.py", line 370, in run_wsgi
    execute(self.server.app)
  File "C:\Users\sadik\AppData\Local\Programs\Python\Python39\lib\site-packages\werkzeug\serving.py", line 333, in execute
    for data in application_iter:
  File "C:\Users\sadik\AppData\Local\Programs\Python\Python39\lib\site-packages\werkzeug\wsgi.py", line 256, in __next__
    return self._next()
  File "C:\Users\sadik\AppData\Local\Programs\Python\Python39\lib\site-packages\werkzeug\wrappers\response.py", line 32, in _iter_encoded
    for item in iterable:
  File "C:\hospital_expo_\PyCharmMiscProject\app.py", line 56, in generate_frames
    processed_frame = monitor.process_frame(frame)
AttributeError: 'PatientMonitor' object has no attribute 'process_frame'
2025-08-21 20:42:00,830 - INFO - Successfully connected to MongoDB.
2025-08-21 20:44:38,201 - INFO - Successfully connected to MongoDB.
2025-08-21 20:47:50,042 - WARNING - Sound file not found: C:\hospital_expo_\PyCharmMiscProject\alarm_sounds\need_water.mp3
2025-08-21 20:48:58,920 - INFO - Successfully connected to MongoDB.
2025-08-21 20:51:18,798 - INFO - Successfully connected to MongoDB.
2025-08-21 20:51:51,091 - INFO - Successfully connected to MongoDB.
2025-08-21 20:55:00,240 - INFO - Successfully connected to MongoDB.
2025-08-21 20:57:47,514 - INFO - Successfully connected to MongoDB.
2025-08-21 20:59:24,929 - INFO - Successfully connected to MongoDB.
2025-08-21 21:01:52,226 - INFO - Successfully connected to MongoDB.
2025-08-21 21:05:07,446 - INFO - Successfully connected to MongoDB.
2025-08-21 21:08:13,465 - INFO - Successfully connected to MongoDB.
2025-08-21 21:09:27,243 - INFO - Successfully connected to MongoDB.
2025-08-21 21:09:36,637 - INFO - Successfully connected to MongoDB.
2025-08-21 21:13:45,788 - INFO - Successfully connected to MongoDB.
2025-08-21 21:14:34,294 - INFO - Successfully connected to MongoDB.
2025-08-21 21:19:07,333 - INFO - Successfully connected to MongoDB.
2025-08-21 21:20:03,164 - INFO - Successfully connected to MongoDB.
2025-08-21 21:22:06,128 - INFO - Successfully connected to MongoDB.
2025-08-21 21:26:03,880 - INFO - Successfully connected to MongoDB.
2025-08-21 21:27:02,344 - INFO - Successfully connected to MongoDB.
2025-08-21 21:35:59,306 - INFO - Successfully connected to MongoDB.
2025-08-21 21:56:58,748 - INFO - Successfully connected to MongoDB.
2025-08-21 22:02:56,821 - INFO - Successfully connected to MongoDB.
2025-08-21 22:03:33,898 - INFO - Successfully connected to MongoDB.
2025-08-21 22:04:45,669 - INFO - Successfully connected to MongoDB.
2025-08-21 22:08:46,055 - INFO - Successfully connected to MongoDB.
2025-08-21 22:12:57,490 - INFO - Successfully connected to MongoDB.
2025-08-21 22:14:09,275 - WARNING - Sound file not found: C:\hospital_expo_\PyCharmMiscProject\alarm_sounds\cough_alert.mp3
2025-08-21 22:15:40,905 - WARNING - Sound file not found: C:\hospital_expo_\PyCharmMiscProject\alarm_sounds\call_nurse.mp3
2025-08-21 22:19:11,909 - INFO - Successfully connected to MongoDB.
2025-08-21 22:21:00,432 - WARNING - Sound file not found: C:\hospital_expo_\PyCharmMiscProject\alarm_sounds\fall_alert.mp3
2025-08-21 22:21:10,415 - WARNING - Sound file not found: C:\hospital_expo_\PyCharmMiscProject\alarm_sounds\fall_alert.mp3
2025-08-21 22:23:13,399 - INFO - Successfully connected to MongoDB.
2025-08-21 22:26:27,087 - INFO - Successfully connected to MongoDB.
2025-08-21 22:28:51,118 - INFO - Successfully connected to MongoDB.
2025-08-21 22:34:18,496 - INFO - Successfully connected to MongoDB.
2025-08-21 22:34:47,391 - INFO - Successfully connected to MongoDB.
2025-08-21 22:36:01,569 - INFO - Successfully connected to MongoDB.
2025-08-21 23:02:06,783 - INFO - Successfully connected to MongoDB.
2025-08-21 23:05:09,390 - INFO - Successfully connected to MongoDB.
2025-08-21 23:05:43,589 - WARNING - Sound file not found: C:\hospital_expo_\PyCharmMiscProject\alarm_sounds\fall_alert.mp3
2025-08-21 23:06:48,252 - WARNING - Sound file not found: C:\hospital_expo_\PyCharmMiscProject\alarm_sounds\call_nurse.mp3
2025-08-21 23:24:49,489 - INFO - Successfully connected to MongoDB.
2025-08-21 23:25:32,082 - WARNING - Sound file not found: C:\hospital_expo_\PyCharmMiscProject\alarm_sounds\need_water.mp3
2025-08-22 00:56:35,812 - INFO - Successfully connected to MongoDB.
2025-08-22 00:58:32,322 - WARNING - Sound file not found: C:\hospital_expo_\PyCharmMiscProject\alarm_sounds\call_nurse.mp3
2025-08-22 00:59:12,568 - WARNING - Sound file not found: C:\hospital_expo_\PyCharmMiscProject\alarm_sounds\cough_alert.mp3
2025-08-22 00:59:30,342 - WARNING - Sound file not found: C:\hospital_expo_\PyCharmMiscProject\alarm_sounds\fall_alert.mp3
2025-08-22 01:00:19,001 - WARNING - Sound file not found: C:\hospital_expo_\PyCharmMiscProject\alarm_sounds\fall_alert.mp3
2025-08-22 01:00:52,083 - WARNING - Sound file not found: C:\hospital_expo_\PyCharmMiscProject\alarm_sounds\need_water.mp3
2025-08-22 09:09:28,896 - INFO - Successfully connected to MongoDB.
2025-08-22 09:11:20,220 - INFO - Successfully connected to MongoDB.
2025-08-22 09:13:16,238 - INFO - Successfully connected to MongoDB.
2025-08-22 09:14:26,874 - INFO - Successfully connected to MongoDB.
2025-08-22 09:15:02,888 - INFO - Successfully connected to MongoDB.
2025-08-22 09:21:54,259 - INFO - Successfully connected to MongoDB.
2025-08-22 09:23:00,675 - WARNING - Sound file not found: C:\hospital_expo_\PyCharmMiscProject\alarm_sounds\knife_alert.mp3
2025-08-22 09:27:52,203 - INFO - Successfully connected to MongoDB.
2025-08-22 09:28:33,316 - INFO - Successfully connected to MongoDB.
2025-08-22 09:33:45,926 - INFO - Successfully connected to MongoDB.
2025-08-22 09:41:54,197 - ERROR - Could not connect to MongoDB: Port contains non-digit characters. Hint: username and password must be escaped according to RFC 3986, use urllib.parse.quote_plus
2025-08-22 09:42:31,881 - INFO - Successfully connected to MongoDB.
2025-08-22 09:43:55,578 - INFO - Successfully connected to MongoDB.
2025-08-22 09:49:18,297 - INFO - Successfully connected to MongoDB.
2025-08-22 10:01:51,896 - INFO - Successfully connected to MongoDB.
2025-08-22 10:02:14,696 - INFO - Successfully connected to MongoDB.
2025-08-22 10:06:50,911 - INFO - Successfully connected to MongoDB.
2025-08-22 10:11:03,367 - INFO - Successfully connected to MongoDB.
2025-08-22 10:11:27,847 - INFO - Successfully connected to MongoDB.
2025-08-22 10:13:18,747 - INFO - Successfully connected to MongoDB.
2025-08-22 10:15:14,657 - INFO - Successfully connected to MongoDB.
2025-08-22 10:17:28,877 - INFO - Successfully connected to MongoDB.
2025-08-22 10:18:14,332 - INFO - Successfully connected to MongoDB.
2025-08-22 10:20:16,667 - WARNING - Sound file not found: C:\hospital_expo_\PyCharmMiscProject\alarm_sounds\cough_alert.mp3
2025-08-22 10:32:13,050 - INFO - Successfully connected to MongoDB.
2025-08-22 10:32:47,847 - INFO - Successfully connected to MongoDB.
2025-08-22 10:36:16,474 - INFO - Successfully connected to MongoDB.
2025-08-22 10:37:10,984 - INFO - Successfully connected to MongoDB.
2025-08-22 10:42:12,201 - INFO - Successfully connected to MongoDB.
2025-08-22 10:42:51,536 - WARNING - Sound file not found: C:\hospital_expo_\PyCharmMiscProject\alarm_sounds\cough_alert.mp3
2025-08-22 10:43:21,026 - WARNING - Sound file not found: C:\hospital_expo_\PyCharmMiscProject\alarm_sounds\fall_alert.mp3
2025-08-22 10:44:39,331 - WARNING - Sound file not found: C:\hospital_expo_\PyCharmMiscProject\alarm_sounds\call_nurse.mp3
2025-08-22 11:12:20,347 - INFO - Successfully connected to MongoDB.
2025-08-22 11:13:47,187 - INFO - Successfully connected to MongoDB.
2025-08-22 11:14:17,248 - INFO - Successfully connected to MongoDB.
2025-08-22 11:20:02,289 - INFO - Successfully connected to MongoDB.
2025-08-22 11:20:19,472 - WARNING - Sound file not found: C:\hospital_expo_\PyCharmMiscProject\alarm_sounds\call_nurse.mp3
2025-08-22 11:20:21,699 - WARNING - Sound file not found: C:\hospital_expo_\PyCharmMiscProject\alarm_sounds\call_nurse.mp3
2025-08-22 11:20:41,679 - WARNING - Sound file not found: C:\hospital_expo_\PyCharmMiscProject\alarm_sounds\call_nurse.mp3
2025-08-22 11:21:26,095 - WARNING - Sound file not found: C:\hospital_expo_\PyCharmMiscProject\alarm_sounds\need_water.mp3
2025-08-22 11:30:01,953 - INFO - Successfully connected to MongoDB.
2025-08-22 11:30:43,442 - WARNING - Sound file not found: C:\hospital_expo_\PyCharmMiscProject\alarm_sounds\call_nurse.mp3
2025-08-22 11:31:14,232 - INFO - Successfully connected to MongoDB.
2025-08-22 11:31:39,688 - WARNING - Sound file not found: C:\hospital_expo_\PyCharmMiscProject\alarm_sounds\call_family.mp3
2025-08-22 11:31:40,165 - WARNING - Sound file not found: C:\hospital_expo_\PyCharmMiscProject\alarm_sounds\need_water.mp3
2025-08-22 11:36:29,987 - INFO - Successfully connected to MongoDB.
2025-08-22 11:37:02,449 - INFO - Successfully connected to MongoDB.
2025-08-22 11:47:22,121 - INFO - Successfully connected to MongoDB.
2025-08-22 11:48:15,685 - WARNING - Sound file not found: C:\hospital_expo_\PyCharmMiscProject\alarm_sounds\call_nurse.mp3
2025-08-22 11:49:25,289 - INFO - Successfully connected to MongoDB.
2025-08-22 11:50:33,850 - WARNING - Sound file not found: C:\hospital_expo_\PyCharmMiscProject\alarm_sounds\fall_alert.mp3
2025-08-22 12:00:56,522 - INFO - Successfully connected to MongoDB.
2025-08-22 12:18:18,657 - INFO - Successfully connected to MongoDB.
2025-08-22 12:19:23,865 - INFO - Successfully connected to MongoDB.
2025-08-22 12:20:12,026 - INFO - Successfully connected to MongoDB.
2025-08-22 12:20:45,947 - INFO - Successfully connected to MongoDB.
2025-08-22 12:21:24,064 - INFO - Successfully connected to MongoDB.
2025-08-22 12:22:13,686 - INFO - Successfully connected to MongoDB.
2025-08-22 12:22:46,025 - WARNING - Sound file not found: C:\hospital_expo_\PyCharmMiscProject\alarm_sounds\call_nurse.mp3
2025-08-22 12:24:12,792 - WARNING - Sound file not found: C:\hospital_expo_\PyCharmMiscProject\alarm_sounds\need_water.mp3
2025-08-22 12:24:14,133 - WARNING - Sound file not found: C:\hospital_expo_\PyCharmMiscProject\alarm_sounds\call_family.mp3
2025-08-22 12:24:39,078 - INFO - Successfully connected to MongoDB.
2025-08-22 12:25:05,486 - WARNING - Sound file not found: C:\hospital_expo_\PyCharmMiscProject\alarm_sounds\knife_alert.mp3
2025-08-22 12:25:06,106 - WARNING - Sound file not found: C:\hospital_expo_\PyCharmMiscProject\alarm_sounds\knife_alert.mp3
2025-08-22 12:25:51,440 - WARNING - Sound file not found: C:\hospital_expo_\PyCharmMiscProject\alarm_sounds\knife_alert.mp3
2025-08-22 12:27:46,903 - WARNING - Sound file not found: C:\hospital_expo_\PyCharmMiscProject\alarm_sounds\knife_alert.mp3
2025-08-22 12:27:57,792 - WARNING - Sound file not found: C:\hospital_expo_\PyCharmMiscProject\alarm_sounds\knife_alert.mp3
2025-08-22 12:28:24,305 - WARNING - Sound file not found: C:\hospital_expo_\PyCharmMiscProject\alarm_sounds\knife_alert.mp3
2025-08-22 12:28:27,897 - WARNING - Sound file not found: C:\hospital_expo_\PyCharmMiscProject\alarm_sounds\knife_alert.mp3
2025-08-22 12:30:45,859 - INFO - Successfully connected to MongoDB.
2025-08-22 12:32:18,187 - INFO - Successfully connected to MongoDB.
2025-08-22 12:33:32,183 - INFO - Successfully connected to MongoDB.
2025-08-22 12:34:41,225 - INFO - Successfully connected to MongoDB.
2025-08-22 12:35:37,075 - WARNING - Sound file not found: C:\hospital_expo_\PyCharmMiscProject\alarm_sounds\need_water.mp3
2025-08-22 12:36:18,036 - WARNING - Sound file not found: C:\hospital_expo_\PyCharmMiscProject\alarm_sounds\need_water.mp3
2025-08-22 12:42:21,806 - INFO - Successfully connected to MongoDB.
2025-08-22 12:42:56,963 - WARNING - Sound file not found: C:\hospital_expo_\PyCharmMiscProject\alarm_sounds\call_nurse.mp3
2025-08-22 12:43:18,443 - WARNING - Sound file not found: C:\hospital_expo_\PyCharmMiscProject\alarm_sounds\need_water.mp3
2025-08-22 12:43:58,768 - WARNING - Sound file not found: C:\hospital_expo_\PyCharmMiscProject\alarm_sounds\knife_alert.mp3
2025-08-22 12:44:41,522 - WARNING - Sound file not found: C:\hospital_expo_\PyCharmMiscProject\alarm_sounds\knife_alert.mp3
2025-08-22 12:46:16,713 - INFO - Successfully connected to MongoDB.
2025-08-22 12:46:42,406 - INFO - Successfully connected to MongoDB.
2025-08-22 12:47:12,614 - WARNING - Sound file not found: C:\hospital_expo_\PyCharmMiscProject\alarm_sounds\call_nurse.mp3
2025-08-22 12:47:58,738 - WARNING - Sound file not found: C:\hospital_expo_\PyCharmMiscProject\alarm_sounds\knife_alert.mp3
2025-08-22 12:49:07,249 - INFO - Successfully connected to MongoDB.
2025-08-22 12:51:05,836 - INFO - Successfully connected to MongoDB.
2025-08-22 12:53:53,927 - INFO - Successfully connected to MongoDB.
2025-08-22 12:55:38,562 - WARNING - Sound file not found: C:\hospital_expo_\PyCharmMiscProject\alarm_sounds\call_nurse.mp3
2025-08-22 12:55:45,281 - WARNING - Sound file not found: C:\hospital_expo_\PyCharmMiscProject\alarm_sounds\need_water.mp3
2025-08-22 12:58:10,677 - INFO - Successfully connected to MongoDB.
2025-08-22 21:53:38,711 - INFO - Successfully connected to MongoDB.
2025-08-22 21:55:25,799 - INFO - Successfully connected to MongoDB.
2025-08-22 21:55:45,438 - WARNING - Sound file not found: C:\hospital_expo_\PyCharmMiscProject\alarm_sounds\call_nurse.mp3
2025-08-22 21:56:12,225 - WARNING - Sound file not found: C:\hospital_expo_\PyCharmMiscProject\alarm_sounds\call_nurse.mp3
2025-08-22 21:56:35,786 - WARNING - Sound file not found: C:\hospital_expo_\PyCharmMiscProject\alarm_sounds\call_nurse.mp3
2025-08-22 21:57:24,842 - INFO - Successfully connected to MongoDB.
2025-08-22 21:58:16,889 - INFO - Successfully connected to MongoDB.
2025-08-22 21:58:39,248 - WARNING - Sound file not found: C:\hospital_expo_\PyCharmMiscProject\alarm_sounds\call_nurse.mp3
2025-08-22 22:01:16,404 - INFO - Successfully connected to MongoDB.
2025-08-22 22:01:33,654 - WARNING - Sound file not found: C:\hospital_expo_\PyCharmMiscProject\alarm_sounds\call_nurse.mp3
2025-08-22 22:02:27,949 - INFO - Successfully connected to MongoDB.
2025-08-22 22:03:20,403 - INFO - Successfully connected to MongoDB.
2025-08-22 22:03:38,306 - WARNING - Sound file not found: C:\hospital_expo_\PyCharmMiscProject\alarm_sounds\call_nurse.mp3
2025-08-22 22:04:10,607 - WARNING - Sound file not found: C:\hospital_expo_\PyCharmMiscProject\alarm_sounds\need_water.mp3
2025-08-22 22:04:54,232 - WARNING - Sound file not found: C:\hospital_expo_\PyCharmMiscProject\alarm_sounds\fall_alert.mp3
2025-08-22 22:05:35,689 - WARNING - Sound file not found: C:\hospital_expo_\PyCharmMiscProject\alarm_sounds\cough_alert.mp3
2025-08-22 22:06:15,147 - WARNING - Sound file not found: C:\hospital_expo_\PyCharmMiscProject\alarm_sounds\fall_alert.mp3
2025-08-22 22:10:18,596 - WARNING - Sound file not found: C:\hospital_expo_\PyCharmMiscProject\alarm_sounds\knife_alert.mp3
2025-08-22 22:10:19,449 - WARNING - Sound file not found: C:\hospital_expo_\PyCharmMiscProject\alarm_sounds\knife_alert.mp3
2025-08-22 22:10:43,395 - WARNING - Sound file not found: C:\hospital_expo_\PyCharmMiscProject\alarm_sounds\knife_alert.mp3
